# JRE version: OpenJDK Runtime Environment (21.0.9) (build 21.0.9+-14649483-b1163.86)
# Java VM: OpenJDK 64-Bit Server VM (21.0.9+-14649483-b1163.86, mixed mode, tiered, compressed oops, compressed class ptrs, g1 gc, windows-amd64)
GC Precious Log:
 CardTable entry size: 512
 Card Set container configuration: InlinePtr #cards 5 size 8 Array Of Cards #cards 12 size 40 Howl #buckets 4 coarsen threshold 1843 Howl Bitmap #cards 512 size 80 coarsen threshold 460 Card regions per heap region 1 cards per card region 2048
 CPUs: 12 total, 12 available
 Memory: 24208M
 Large Page Support: Disabled
 NUMA Support: Disabled
 Compressed Oops: Enabled (32-bit)
 Heap Region Size: 1M
 Heap Min Capacity: 8M
 Heap Initial Capacity: 380M
 Heap Max Capacity: 2G
 Pre-touch: Disabled
 Parallel Workers: 10
 Concurrent Workers: 3
 Concurrent Refinement Workers: 10
 Periodic GC: Disabled
Heap:
 garbage-first heap   total 234496K, used 218156K [0x0000000080000000, 0x0000000100000000)
  region size 1024K, 83 young (84992K), 7 survivors (7168K)
 Metaspace       used 128032K, committed 130304K, reserved 1179648K
  class space    used 17562K, committed 18688K, reserved 1048576K
GC Heap History (20 events):
Event: 33.823 GC heap after
{Heap after GC invocations=30 (full 0):
 garbage-first heap   total 176128K, used 107732K [0x0000000080000000, 0x0000000100000000)
  region size 1024K, 7 young (7168K), 7 survivors (7168K)
 Metaspace       used 108280K, committed 110336K, reserved 1179648K
  class space    used 15208K, committed 16192K, reserved 1048576K
}
Event: 35.569 GC heap before
{Heap before GC invocations=30 (full 0):
 garbage-first heap   total 176128K, used 165076K [0x0000000080000000, 0x0000000100000000)
  region size 1024K, 63 young (64512K), 7 survivors (7168K)
 Metaspace       used 112204K, committed 114368K, reserved 1179648K
  class space    used 15836K, committed 16896K, reserved 1048576K
}
Event: 35.580 GC heap after
{Heap after GC invocations=31 (full 0):
 garbage-first heap   total 177152K, used 108174K [0x0000000080000000, 0x0000000100000000)
  region size 1024K, 6 young (6144K), 6 survivors (6144K)
 Metaspace       used 112204K, committed 114368K, reserved 1179648K
  class space    used 15836K, committed 16896K, reserved 1048576K
}
Event: 37.669 GC heap before
{Heap before GC invocations=31 (full 0):
 garbage-first heap   total 177152K, used 165518K [0x0000000080000000, 0x0000000100000000)
  region size 1024K, 62 young (63488K), 6 survivors (6144K)
 Metaspace       used 116177K, committed 118336K, reserved 1179648K
  class space    used 16345K, committed 17344K, reserved 1048576K
}
Event: 37.680 GC heap after
{Heap after GC invocations=32 (full 0):
 garbage-first heap   total 178176K, used 113103K [0x0000000080000000, 0x0000000100000000)
  region size 1024K, 8 young (8192K), 8 survivors (8192K)
 Metaspace       used 116177K, committed 118336K, reserved 1179648K
  class space    used 16345K, committed 17344K, reserved 1048576K
}
Event: 38.875 GC heap before
{Heap before GC invocations=33 (full 0):
 garbage-first heap   total 191488K, used 165327K [0x0000000080000000, 0x0000000100000000)
  region size 1024K, 60 young (61440K), 8 survivors (8192K)
 Metaspace       used 116758K, committed 118848K, reserved 1179648K
  class space    used 16382K, committed 17408K, reserved 1048576K
}
Event: 38.888 GC heap after
{Heap after GC invocations=34 (full 0):
 garbage-first heap   total 191488K, used 121108K [0x0000000080000000, 0x0000000100000000)
  region size 1024K, 8 young (8192K), 8 survivors (8192K)
 Metaspace       used 116758K, committed 118848K, reserved 1179648K
  class space    used 16382K, committed 17408K, reserved 1048576K
}
Event: 41.305 GC heap before
{Heap before GC invocations=34 (full 0):
 garbage-first heap   total 191488K, used 179476K [0x0000000080000000, 0x0000000100000000)
  region size 1024K, 61 young (62464K), 8 survivors (8192K)
 Metaspace       used 120510K, committed 122752K, reserved 1179648K
  class space    used 16807K, committed 17920K, reserved 1048576K
}
Event: 41.323 GC heap after
{Heap after GC invocations=35 (full 0):
 garbage-first heap   total 198656K, used 129021K [0x0000000080000000, 0x0000000100000000)
  region size 1024K, 8 young (8192K), 8 survivors (8192K)
 Metaspace       used 120510K, committed 122752K, reserved 1179648K
  class space    used 16807K, committed 17920K, reserved 1048576K
}
Event: 42.600 GC heap before
{Heap before GC invocations=35 (full 0):
 garbage-first heap   total 198656K, used 180221K [0x0000000080000000, 0x0000000100000000)
  region size 1024K, 59 young (60416K), 8 survivors (8192K)
 Metaspace       used 121028K, committed 123264K, reserved 1179648K
  class space    used 16911K, committed 17984K, reserved 1048576K
}
Event: 42.613 GC heap after
{Heap after GC invocations=36 (full 0):
 garbage-first heap   total 198656K, used 133583K [0x0000000080000000, 0x0000000100000000)
  region size 1024K, 6 young (6144K), 6 survivors (6144K)
 Metaspace       used 121028K, committed 123264K, reserved 1179648K
  class space    used 16911K, committed 17984K, reserved 1048576K
}
Event: 43.545 GC heap before
{Heap before GC invocations=37 (full 0):
 garbage-first heap   total 225280K, used 180687K [0x0000000080000000, 0x0000000100000000)
  region size 1024K, 53 young (54272K), 6 survivors (6144K)
 Metaspace       used 121278K, committed 123520K, reserved 1179648K
  class space    used 16938K, committed 18048K, reserved 1048576K
}
Event: 43.553 GC heap after
{Heap after GC invocations=38 (full 0):
 garbage-first heap   total 225280K, used 136065K [0x0000000080000000, 0x0000000100000000)
  region size 1024K, 5 young (5120K), 5 survivors (5120K)
 Metaspace       used 121278K, committed 123520K, reserved 1179648K
  class space    used 16938K, committed 18048K, reserved 1048576K
}
Event: 44.747 GC heap before
{Heap before GC invocations=38 (full 0):
 garbage-first heap   total 225280K, used 203649K [0x0000000080000000, 0x0000000100000000)
  region size 1024K, 72 young (73728K), 5 survivors (5120K)
 Metaspace       used 121508K, committed 123712K, reserved 1179648K
  class space    used 16964K, committed 18048K, reserved 1048576K
}
Event: 44.757 GC heap after
{Heap after GC invocations=39 (full 0):
 garbage-first heap   total 225280K, used 137262K [0x0000000080000000, 0x0000000100000000)
  region size 1024K, 8 young (8192K), 8 survivors (8192K)
 Metaspace       used 121508K, committed 123712K, reserved 1179648K
  class space    used 16964K, committed 18048K, reserved 1048576K
}
Event: 47.538 GC heap before
{Heap before GC invocations=39 (full 0):
 garbage-first heap   total 225280K, used 204846K [0x0000000080000000, 0x0000000100000000)
  region size 1024K, 75 young (76800K), 8 survivors (8192K)
 Metaspace       used 123342K, committed 125568K, reserved 1179648K
  class space    used 17175K, committed 18240K, reserved 1048576K
}
Event: 47.549 GC heap after
{Heap after GC invocations=40 (full 0):
 garbage-first heap   total 225280K, used 139791K [0x0000000080000000, 0x0000000100000000)
  region size 1024K, 8 young (8192K), 8 survivors (8192K)
 Metaspace       used 123342K, committed 125568K, reserved 1179648K
  class space    used 17175K, committed 18240K, reserved 1048576K
}
Event: 923.266 GC heap before
{Heap before GC invocations=41 (full 0):
 garbage-first heap   total 234496K, used 206351K [0x0000000080000000, 0x0000000100000000)
  region size 1024K, 74 young (75776K), 8 survivors (8192K)
 Metaspace       used 127852K, committed 130176K, reserved 1179648K
  class space    used 17559K, committed 18688K, reserved 1048576K
}
Event: 923.279 GC heap after
{Heap after GC invocations=42 (full 0):
 garbage-first heap   total 234496K, used 140332K [0x0000000080000000, 0x0000000100000000)
  region size 1024K, 6 young (6144K), 6 survivors (6144K)
 Metaspace       used 127852K, committed 130176K, reserved 1179648K
  class space    used 17559K, committed 18688K, reserved 1048576K
}
Event: 2876.482 GC heap before
{Heap before GC invocations=42 (full 0):
 garbage-first heap   total 234496K, used 218156K [0x0000000080000000, 0x0000000100000000)
  region size 1024K, 82 young (83968K), 6 survivors (6144K)
 Metaspace       used 128032K, committed 130304K, reserved 1179648K
  class space    used 17562K, committed 18688K, reserved 1048576K
}

