# JRE version: OpenJDK Runtime Environment (21.0.9) (build 21.0.9+-14649483-b1163.86)
# Java VM: OpenJDK 64-Bit Server VM (21.0.9+-14649483-b1163.86, mixed mode, tiered, compressed oops, compressed class ptrs, g1 gc, windows-amd64)
GC Precious Log:
 CardTable entry size: 512
 Card Set container configuration: InlinePtr #cards 5 size 8 Array Of Cards #cards 12 size 40 Howl #buckets 4 coarsen threshold 1843 Howl Bitmap #cards 512 size 80 coarsen threshold 460 Card regions per heap region 1 cards per card region 2048
 CPUs: 12 total, 12 available
 Memory: 24208M
 Large Page Support: Disabled
 NUMA Support: Disabled
 Compressed Oops: Enabled (32-bit)
 Heap Region Size: 1M
 Heap Min Capacity: 8M
 Heap Initial Capacity: 380M
 Heap Max Capacity: 2G
 Pre-touch: Disabled
 Parallel Workers: 10
 Concurrent Workers: 3
 Concurrent Refinement Workers: 10
 Periodic GC: Disabled
Heap:
 garbage-first heap   total 86016K, used 56761K [0x0000000080000000, 0x0000000100000000)
  region size 1024K, 39 young (39936K), 6 survivors (6144K)
 Metaspace       used 33605K, committed 34368K, reserved 1114112K
  class space    used 4581K, committed 4928K, reserved 1048576K
GC Heap History (9 events):
Event: 5.193 GC heap before
{Heap before GC invocations=0 (full 0):
 garbage-first heap   total 389120K, used 22528K [0x0000000080000000, 0x0000000100000000)
  region size 1024K, 23 young (23552K), 0 survivors (0K)
 Metaspace       used 7883K, committed 8000K, reserved 1114112K
  class space    used 735K, committed 768K, reserved 1048576K
}
Event: 5.562 GC heap after
{Heap after GC invocations=1 (full 0):
 garbage-first heap   total 389120K, used 1415K [0x0000000080000000, 0x0000000100000000)
  region size 1024K, 2 young (2048K), 2 survivors (2048K)
 Metaspace       used 7883K, committed 8000K, reserved 1114112K
  class space    used 735K, committed 768K, reserved 1048576K
}
Event: 14.213 GC heap before
{Heap before GC invocations=1 (full 0):
 garbage-first heap   total 389120K, used 40327K [0x0000000080000000, 0x0000000100000000)
  region size 1024K, 38 young (38912K), 2 survivors (2048K)
 Metaspace       used 11628K, committed 11776K, reserved 1114112K
  class space    used 1248K, committed 1344K, reserved 1048576K
}
Event: 14.252 GC heap after
{Heap after GC invocations=2 (full 0):
 garbage-first heap   total 389120K, used 9842K [0x0000000080000000, 0x0000000100000000)
  region size 1024K, 5 young (5120K), 5 survivors (5120K)
 Metaspace       used 11628K, committed 11776K, reserved 1114112K
  class space    used 1248K, committed 1344K, reserved 1048576K
}
Event: 31.656 GC heap before
{Heap before GC invocations=2 (full 0):
 garbage-first heap   total 389120K, used 145010K [0x0000000080000000, 0x0000000100000000)
  region size 1024K, 136 young (139264K), 5 survivors (5120K)
 Metaspace       used 21190K, committed 21504K, reserved 1114112K
  class space    used 2499K, committed 2624K, reserved 1048576K
}
Event: 31.678 GC heap after
{Heap after GC invocations=3 (full 0):
 garbage-first heap   total 389120K, used 19568K [0x0000000080000000, 0x0000000100000000)
  region size 1024K, 14 young (14336K), 14 survivors (14336K)
 Metaspace       used 21190K, committed 21504K, reserved 1114112K
  class space    used 2499K, committed 2624K, reserved 1048576K
}
Event: 40.247 GC heap before
{Heap before GC invocations=4 (full 0):
 garbage-first heap   total 68608K, used 66672K [0x0000000080000000, 0x0000000100000000)
  region size 1024K, 61 young (62464K), 14 survivors (14336K)
 Metaspace       used 29090K, committed 29568K, reserved 1114112K
  class space    used 3780K, committed 3968K, reserved 1048576K
}
Event: 40.268 GC heap after
{Heap after GC invocations=5 (full 0):
 garbage-first heap   total 86016K, used 22969K [0x0000000080000000, 0x0000000100000000)
  region size 1024K, 17 young (17408K), 17 survivors (17408K)
 Metaspace       used 29090K, committed 29568K, reserved 1114112K
  class space    used 3780K, committed 3968K, reserved 1048576K
}
Event: 47.447 GC heap before
{Heap before GC invocations=5 (full 0):
 garbage-first heap   total 86016K, used 55737K [0x0000000080000000, 0x0000000100000000)
  region size 1024K, 50 young (51200K), 17 survivors (17408K)
 Metaspace       used 33605K, committed 34368K, reserved 1114112K
  class space    used 4581K, committed 4928K, reserved 1048576K
}

