# JRE version: OpenJDK Runtime Environment (21.0.9) (build 21.0.9+-14787801-b1163.94)
# Java VM: OpenJDK 64-Bit Server VM (21.0.9+-14787801-b1163.94, mixed mode, tiered, compressed oops, compressed class ptrs, g1 gc, windows-amd64)
GC Precious Log:
 CardTable entry size: 512
 Card Set container configuration: InlinePtr #cards 5 size 8 Array Of Cards #cards 12 size 40 Howl #buckets 4 coarsen threshold 1843 Howl Bitmap #cards 512 size 80 coarsen threshold 460 Card regions per heap region 1 cards per card region 2048
 CPUs: 8 total, 8 available
 Memory: 16227M
 Large Page Support: Disabled
 NUMA Support: Disabled
 Compressed Oops: Enabled (32-bit)
 Heap Region Size: 1M
 Heap Min Capacity: 8M
 Heap Initial Capacity: 254M
 Heap Max Capacity: 2G
 Pre-touch: Disabled
 Parallel Workers: 8
 Concurrent Workers: 2
 Concurrent Refinement Workers: 8
 Periodic GC: Disabled
Heap:
 garbage-first heap   total 181248K, used 121330K [0x0000000080000000, 0x0000000100000000)
  region size 1024K, 12 young (12288K), 8 survivors (8192K)
 Metaspace       used 118598K, committed 120768K, reserved 1179648K
  class space    used 16616K, committed 17664K, reserved 1048576K
GC Heap History (20 events):
Event: 45.654 GC heap before
{Heap before GC invocations=32 (full 0):
 garbage-first heap   total 137216K, used 120992K [0x0000000080000000, 0x0000000100000000)
  region size 1024K, 36 young (36864K), 3 survivors (3072K)
 Metaspace       used 92827K, committed 94784K, reserved 1179648K
  class space    used 12762K, committed 13696K, reserved 1048576K
}
Event: 45.659 GC heap after
{Heap after GC invocations=33 (full 0):
 garbage-first heap   total 137216K, used 89231K [0x0000000080000000, 0x0000000100000000)
  region size 1024K, 4 young (4096K), 4 survivors (4096K)
 Metaspace       used 92827K, committed 94784K, reserved 1179648K
  class space    used 12762K, committed 13696K, reserved 1048576K
}
Event: 47.083 GC heap before
{Heap before GC invocations=34 (full 0):
 garbage-first heap   total 155648K, used 130191K [0x0000000080000000, 0x0000000100000000)
  region size 1024K, 41 young (41984K), 4 survivors (4096K)
 Metaspace       used 95417K, committed 97344K, reserved 1179648K
  class space    used 13112K, committed 14016K, reserved 1048576K
}
Event: 47.089 GC heap after
{Heap after GC invocations=35 (full 0):
 garbage-first heap   total 155648K, used 94436K [0x0000000080000000, 0x0000000100000000)
  region size 1024K, 4 young (4096K), 4 survivors (4096K)
 Metaspace       used 95417K, committed 97344K, reserved 1179648K
  class space    used 13112K, committed 14016K, reserved 1048576K
}
Event: 48.572 GC heap before
{Heap before GC invocations=35 (full 0):
 garbage-first heap   total 155648K, used 141540K [0x0000000080000000, 0x0000000100000000)
  region size 1024K, 50 young (51200K), 4 survivors (4096K)
 Metaspace       used 97350K, committed 99328K, reserved 1179648K
  class space    used 13425K, committed 14400K, reserved 1048576K
}
Event: 48.580 GC heap after
{Heap after GC invocations=36 (full 0):
 garbage-first heap   total 155648K, used 97147K [0x0000000080000000, 0x0000000100000000)
  region size 1024K, 7 young (7168K), 7 survivors (7168K)
 Metaspace       used 97350K, committed 99328K, reserved 1179648K
  class space    used 13425K, committed 14400K, reserved 1048576K
}
Event: 50.073 GC heap before
{Heap before GC invocations=36 (full 0):
 garbage-first heap   total 155648K, used 142203K [0x0000000080000000, 0x0000000100000000)
  region size 1024K, 51 young (52224K), 7 survivors (7168K)
 Metaspace       used 100247K, committed 102208K, reserved 1179648K
  class space    used 13811K, committed 14784K, reserved 1048576K
}
Event: 50.082 GC heap after
{Heap after GC invocations=37 (full 0):
 garbage-first heap   total 155648K, used 98487K [0x0000000080000000, 0x0000000100000000)
  region size 1024K, 5 young (5120K), 5 survivors (5120K)
 Metaspace       used 100247K, committed 102208K, reserved 1179648K
  class space    used 13811K, committed 14784K, reserved 1048576K
}
Event: 51.712 GC heap before
{Heap before GC invocations=38 (full 0):
 garbage-first heap   total 165888K, used 144567K [0x0000000080000000, 0x0000000100000000)
  region size 1024K, 50 young (51200K), 5 survivors (5120K)
 Metaspace       used 103252K, committed 105280K, reserved 1179648K
  class space    used 14314K, committed 15296K, reserved 1048576K
}
Event: 51.719 GC heap after
{Heap after GC invocations=39 (full 0):
 garbage-first heap   total 165888K, used 99598K [0x0000000080000000, 0x0000000100000000)
  region size 1024K, 3 young (3072K), 3 survivors (3072K)
 Metaspace       used 103252K, committed 105280K, reserved 1179648K
  class space    used 14314K, committed 15296K, reserved 1048576K
}
Event: 53.452 GC heap before
{Heap before GC invocations=39 (full 0):
 garbage-first heap   total 165888K, used 153870K [0x0000000080000000, 0x0000000100000000)
  region size 1024K, 56 young (57344K), 3 survivors (3072K)
 Metaspace       used 107006K, committed 109056K, reserved 1179648K
  class space    used 14938K, committed 15936K, reserved 1048576K
}
Event: 53.460 GC heap after
{Heap after GC invocations=40 (full 0):
 garbage-first heap   total 165888K, used 101227K [0x0000000080000000, 0x0000000100000000)
  region size 1024K, 5 young (5120K), 5 survivors (5120K)
 Metaspace       used 107006K, committed 109056K, reserved 1179648K
  class space    used 14938K, committed 15936K, reserved 1048576K
}
Event: 55.240 GC heap before
{Heap before GC invocations=40 (full 0):
 garbage-first heap   total 165888K, used 154475K [0x0000000080000000, 0x0000000100000000)
  region size 1024K, 57 young (58368K), 5 survivors (5120K)
 Metaspace       used 110662K, committed 112768K, reserved 1179648K
  class space    used 15487K, committed 16512K, reserved 1048576K
}
Event: 55.251 GC heap after
{Heap after GC invocations=41 (full 0):
 garbage-first heap   total 165888K, used 103912K [0x0000000080000000, 0x0000000100000000)
  region size 1024K, 6 young (6144K), 6 survivors (6144K)
 Metaspace       used 110662K, committed 112768K, reserved 1179648K
  class space    used 15487K, committed 16512K, reserved 1048576K
}
Event: 57.431 GC heap before
{Heap before GC invocations=42 (full 0):
 garbage-first heap   total 174080K, used 156136K [0x0000000080000000, 0x0000000100000000)
  region size 1024K, 57 young (58368K), 6 survivors (6144K)
 Metaspace       used 113776K, committed 115904K, reserved 1179648K
  class space    used 16035K, committed 17088K, reserved 1048576K
}
Event: 57.441 GC heap after
{Heap after GC invocations=43 (full 0):
 garbage-first heap   total 174080K, used 105980K [0x0000000080000000, 0x0000000100000000)
  region size 1024K, 5 young (5120K), 5 survivors (5120K)
 Metaspace       used 113776K, committed 115904K, reserved 1179648K
  class space    used 16035K, committed 17088K, reserved 1048576K
}
Event: 59.594 GC heap before
{Heap before GC invocations=43 (full 0):
 garbage-first heap   total 174080K, used 163324K [0x0000000080000000, 0x0000000100000000)
  region size 1024K, 61 young (62464K), 5 survivors (5120K)
 Metaspace       used 117883K, committed 120000K, reserved 1179648K
  class space    used 16575K, committed 17600K, reserved 1048576K
}
Event: 59.612 GC heap after
{Heap after GC invocations=44 (full 0):
 garbage-first heap   total 175104K, used 109743K [0x0000000080000000, 0x0000000100000000)
  region size 1024K, 7 young (7168K), 7 survivors (7168K)
 Metaspace       used 117883K, committed 120000K, reserved 1179648K
  class space    used 16575K, committed 17600K, reserved 1048576K
}
Event: 61.248 GC heap before
{Heap before GC invocations=44 (full 0):
 garbage-first heap   total 175104K, used 162991K [0x0000000080000000, 0x0000000100000000)
  region size 1024K, 60 young (61440K), 7 survivors (7168K)
 Metaspace       used 118314K, committed 120448K, reserved 1179648K
  class space    used 16594K, committed 17600K, reserved 1048576K
}
Event: 61.266 GC heap after
{Heap after GC invocations=45 (full 0):
 garbage-first heap   total 181248K, used 119282K [0x0000000080000000, 0x0000000100000000)
  region size 1024K, 8 young (8192K), 8 survivors (8192K)
 Metaspace       used 118314K, committed 120448K, reserved 1179648K
  class space    used 16594K, committed 17600K, reserved 1048576K
}

